{"/Users/Mac/Desktop/weelo_app/src/data/controllers/coins.controller.ts": {"path":"/Users/Mac/Desktop/weelo_app/src/data/controllers/coins.controller.ts","statementMap":{"0":{"start":{"line":11,"column":18},"end":{"line":11,"column":38}},"1":{"start":{"line":13,"column":21},"end":{"line":13,"column":48}},"2":{"start":{"line":18,"column":8},"end":{"line":23,"column":9}},"3":{"start":{"line":19,"column":12},"end":{"line":19,"column":49}},"4":{"start":{"line":21,"column":12},"end":{"line":21,"column":88}},"5":{"start":{"line":22,"column":12},"end":{"line":22,"column":35}}},"fnMap":{"0":{"name":"(anonymous_0)","decl":{"start":{"line":17,"column":4},"end":{"line":17,"column":5}},"loc":{"start":{"line":17,"column":45},"end":{"line":24,"column":5}},"line":17}},"branchMap":{},"s":{"0":2,"1":2,"2":0,"3":0,"4":0,"5":0},"f":{"0":0},"b":{},"_coverageSchema":"1a1c01bbd47fc00a2c39e90264f33305004495a9","hash":"9e07b25a4417df6572acee3cae053e7b5a74aee4"}
,"/Users/Mac/Desktop/weelo_app/src/data/hooks/useConfigTheme.ts": {"path":"/Users/Mac/Desktop/weelo_app/src/data/hooks/useConfigTheme.ts","statementMap":{"0":{"start":{"line":30,"column":23},"end":{"line":30,"column":39}},"1":{"start":{"line":32,"column":28},"end":{"line":32,"column":75}},"2":{"start":{"line":34,"column":42},"end":{"line":58,"column":6}},"3":{"start":{"line":60,"column":4},"end":{"line":70,"column":14}},"4":{"start":{"line":61,"column":8},"end":{"line":69,"column":9}},"5":{"start":{"line":62,"column":12},"end":{"line":64,"column":14}},"6":{"start":{"line":66,"column":12},"end":{"line":68,"column":14}},"7":{"start":{"line":72,"column":21},"end":{"line":72,"column":54}},"8":{"start":{"line":72,"column":40},"end":{"line":72,"column":54}},"9":{"start":{"line":74,"column":4},"end":{"line":78,"column":5}}},"fnMap":{"0":{"name":"(anonymous_0)","decl":{"start":{"line":29,"column":15},"end":{"line":29,"column":16}},"loc":{"start":{"line":29,"column":21},"end":{"line":79,"column":1}},"line":29},"1":{"name":"(anonymous_1)","decl":{"start":{"line":60,"column":14},"end":{"line":60,"column":15}},"loc":{"start":{"line":60,"column":20},"end":{"line":70,"column":5}},"line":60},"2":{"name":"(anonymous_2)","decl":{"start":{"line":72,"column":21},"end":{"line":72,"column":22}},"loc":{"start":{"line":72,"column":40},"end":{"line":72,"column":54}},"line":72}},"branchMap":{"0":{"loc":{"start":{"line":61,"column":8},"end":{"line":69,"column":9}},"type":"if","locations":[{"start":{"line":61,"column":8},"end":{"line":69,"column":9}},{"start":{"line":61,"column":8},"end":{"line":69,"column":9}}],"line":61}},"s":{"0":0,"1":0,"2":0,"3":0,"4":0,"5":0,"6":0,"7":0,"8":0,"9":0},"f":{"0":0,"1":0,"2":0},"b":{"0":[0,0]},"_coverageSchema":"1a1c01bbd47fc00a2c39e90264f33305004495a9","hash":"a15357857c6312df440faec3b1f5c16fd7c2e9d8"}
,"/Users/Mac/Desktop/weelo_app/src/data/redux/coinsSlice.ts": {"path":"/Users/Mac/Desktop/weelo_app/src/data/redux/coinsSlice.ts","statementMap":{"0":{"start":{"line":9,"column":24},"end":{"line":9,"column":45}},"1":{"start":{"line":10,"column":29},"end":{"line":18,"column":1}},"2":{"start":{"line":10,"column":35},"end":{"line":18,"column":1}},"3":{"start":{"line":11,"column":4},"end":{"line":17,"column":5}},"4":{"start":{"line":12,"column":21},"end":{"line":12,"column":53}},"5":{"start":{"line":13,"column":8},"end":{"line":13,"column":39}},"6":{"start":{"line":15,"column":8},"end":{"line":15,"column":68}},"7":{"start":{"line":16,"column":8},"end":{"line":16,"column":31}},"8":{"start":{"line":20,"column":19},"end":{"line":30,"column":2}},"9":{"start":{"line":27,"column":12},"end":{"line":27,"column":46}},"10":{"start":{"line":32,"column":28},"end":{"line":32,"column":46}}},"fnMap":{"0":{"name":"(anonymous_0)","decl":{"start":{"line":10,"column":29},"end":{"line":10,"column":30}},"loc":{"start":{"line":10,"column":35},"end":{"line":18,"column":1}},"line":10},"1":{"name":"(anonymous_1)","decl":{"start":{"line":10,"column":35},"end":{"line":10,"column":36}},"loc":{"start":{"line":10,"column":65},"end":{"line":18,"column":1}},"line":10},"2":{"name":"(anonymous_2)","decl":{"start":{"line":26,"column":18},"end":{"line":26,"column":19}},"loc":{"start":{"line":26,"column":37},"end":{"line":28,"column":9}},"line":26}},"branchMap":{},"s":{"0":2,"1":2,"2":0,"3":0,"4":0,"5":0,"6":0,"7":0,"8":2,"9":0,"10":2},"f":{"0":0,"1":0,"2":0},"b":{},"_coverageSchema":"1a1c01bbd47fc00a2c39e90264f33305004495a9","hash":"65c92fdc01c690d3ae90ff838d335386f26d1cad"}
,"/Users/Mac/Desktop/weelo_app/src/data/redux/index.ts": {"path":"/Users/Mac/Desktop/weelo_app/src/data/redux/index.ts","statementMap":{},"fnMap":{},"branchMap":{},"s":{},"f":{},"b":{},"_coverageSchema":"1a1c01bbd47fc00a2c39e90264f33305004495a9","hash":"6f8362969543c6b28b6782d7c7a625edeb6238e5"}
,"/Users/Mac/Desktop/weelo_app/src/data/repositories/coins.cache.repo.ts": {"path":"/Users/Mac/Desktop/weelo_app/src/data/repositories/coins.cache.repo.ts","statementMap":{"0":{"start":{"line":15,"column":8},"end":{"line":44,"column":9}}},"fnMap":{"0":{"name":"(anonymous_0)","decl":{"start":{"line":14,"column":4},"end":{"line":14,"column":5}},"loc":{"start":{"line":14,"column":45},"end":{"line":45,"column":5}},"line":14}},"branchMap":{},"s":{"0":0},"f":{"0":0},"b":{},"_coverageSchema":"1a1c01bbd47fc00a2c39e90264f33305004495a9","hash":"15cc70be7da05b810e53d0fb4667cec2a377be22"}
,"/Users/Mac/Desktop/weelo_app/src/domain/usecases/coins.service.ts": {"path":"/Users/Mac/Desktop/weelo_app/src/domain/usecases/coins.service.ts","statementMap":{"0":{"start":{"line":13,"column":8},"end":{"line":18,"column":9}},"1":{"start":{"line":14,"column":12},"end":{"line":14,"column":51}},"2":{"start":{"line":16,"column":12},"end":{"line":16,"column":85}},"3":{"start":{"line":17,"column":12},"end":{"line":17,"column":35}}},"fnMap":{"0":{"name":"(anonymous_0)","decl":{"start":{"line":10,"column":4},"end":{"line":10,"column":5}},"loc":{"start":{"line":10,"column":50},"end":{"line":10,"column":52}},"line":10},"1":{"name":"(anonymous_1)","decl":{"start":{"line":12,"column":4},"end":{"line":12,"column":5}},"loc":{"start":{"line":12,"column":45},"end":{"line":19,"column":5}},"line":12}},"branchMap":{},"s":{"0":0,"1":0,"2":0,"3":0},"f":{"0":2,"1":0},"b":{},"_coverageSchema":"1a1c01bbd47fc00a2c39e90264f33305004495a9","hash":"b7787bc0b1145fc879812a65ceae30ae51716f80"}
,"/Users/Mac/Desktop/weelo_app/src/presentation/components/Header/Header.tsx": {"path":"/Users/Mac/Desktop/weelo_app/src/presentation/components/Header/Header.tsx","statementMap":{"0":{"start":{"line":20,"column":32},"end":{"line":33,"column":1}},"1":{"start":{"line":21,"column":28},"end":{"line":21,"column":44}},"2":{"start":{"line":22,"column":19},"end":{"line":22,"column":41}},"3":{"start":{"line":24,"column":4},"end":{"line":32,"column":5}}},"fnMap":{"0":{"name":"(anonymous_0)","decl":{"start":{"line":20,"column":32},"end":{"line":20,"column":33}},"loc":{"start":{"line":20,"column":43},"end":{"line":33,"column":1}},"line":20}},"branchMap":{},"s":{"0":1,"1":0,"2":0,"3":0},"f":{"0":0},"b":{},"_coverageSchema":"1a1c01bbd47fc00a2c39e90264f33305004495a9","hash":"60ade2783a94a9752763eb7d3374e62b1e437dd9"}
,"/Users/Mac/Desktop/weelo_app/src/presentation/components/Header/styles.ts": {"path":"/Users/Mac/Desktop/weelo_app/src/presentation/components/Header/styles.ts","statementMap":{"0":{"start":{"line":11,"column":2},"end":{"line":31,"column":4}}},"fnMap":{"0":{"name":"(anonymous_0)","decl":{"start":{"line":10,"column":15},"end":{"line":10,"column":16}},"loc":{"start":{"line":10,"column":40},"end":{"line":32,"column":1}},"line":10}},"branchMap":{},"s":{"0":0},"f":{"0":0},"b":{},"_coverageSchema":"1a1c01bbd47fc00a2c39e90264f33305004495a9","hash":"e58381d31596b55da06602d1ed2db96b78d828d4"}
,"/Users/Mac/Desktop/weelo_app/src/presentation/components/HeaderBack/HeaderBack.tsx": {"path":"/Users/Mac/Desktop/weelo_app/src/presentation/components/HeaderBack/HeaderBack.tsx","statementMap":{"0":{"start":{"line":20,"column":36},"end":{"line":36,"column":1}},"1":{"start":{"line":21,"column":28},"end":{"line":21,"column":44}},"2":{"start":{"line":22,"column":19},"end":{"line":22,"column":41}},"3":{"start":{"line":24,"column":4},"end":{"line":35,"column":5}}},"fnMap":{"0":{"name":"(anonymous_0)","decl":{"start":{"line":20,"column":36},"end":{"line":20,"column":37}},"loc":{"start":{"line":20,"column":47},"end":{"line":36,"column":1}},"line":20}},"branchMap":{},"s":{"0":1,"1":0,"2":0,"3":0},"f":{"0":0},"b":{},"_coverageSchema":"1a1c01bbd47fc00a2c39e90264f33305004495a9","hash":"51cb221ce6b3139f3d70d847be42aceb4e23ee4a"}
,"/Users/Mac/Desktop/weelo_app/src/presentation/components/HeaderBack/styles.ts": {"path":"/Users/Mac/Desktop/weelo_app/src/presentation/components/HeaderBack/styles.ts","statementMap":{"0":{"start":{"line":11,"column":2},"end":{"line":44,"column":4}}},"fnMap":{"0":{"name":"(anonymous_0)","decl":{"start":{"line":10,"column":15},"end":{"line":10,"column":16}},"loc":{"start":{"line":10,"column":40},"end":{"line":45,"column":1}},"line":10}},"branchMap":{},"s":{"0":0},"f":{"0":0},"b":{},"_coverageSchema":"1a1c01bbd47fc00a2c39e90264f33305004495a9","hash":"2fd308fa1bd4e65a638dbd84171e5c52d5f09dea"}
,"/Users/Mac/Desktop/weelo_app/src/presentation/navigation/InjectHOC.tsx": {"path":"/Users/Mac/Desktop/weelo_app/src/presentation/navigation/InjectHOC.tsx","statementMap":{"0":{"start":{"line":9,"column":35},"end":{"line":11,"column":5}},"1":{"start":{"line":10,"column":8},"end":{"line":10,"column":59}},"2":{"start":{"line":12,"column":4},"end":{"line":12,"column":34}}},"fnMap":{"0":{"name":"InjectHOC","decl":{"start":{"line":8,"column":9},"end":{"line":8,"column":18}},"loc":{"start":{"line":8,"column":79},"end":{"line":13,"column":1}},"line":8},"1":{"name":"(anonymous_1)","decl":{"start":{"line":9,"column":35},"end":{"line":9,"column":36}},"loc":{"start":{"line":9,"column":53},"end":{"line":11,"column":5}},"line":9}},"branchMap":{},"s":{"0":2,"1":0,"2":2},"f":{"0":2,"1":0},"b":{},"_coverageSchema":"1a1c01bbd47fc00a2c39e90264f33305004495a9","hash":"6818a9bea983527d5eb9ba47b3c794f5e38116ae"}
,"/Users/Mac/Desktop/weelo_app/src/presentation/screens/Detail/Detail.tsx": {"path":"/Users/Mac/Desktop/weelo_app/src/presentation/screens/Detail/Detail.tsx","statementMap":{"0":{"start":{"line":27,"column":47},"end":{"line":89,"column":1}},"1":{"start":{"line":28,"column":28},"end":{"line":28,"column":44}},"2":{"start":{"line":29,"column":19},"end":{"line":29,"column":41}},"3":{"start":{"line":31,"column":21},"end":{"line":31,"column":34}},"4":{"start":{"line":34,"column":28},"end":{"line":34,"column":48}},"5":{"start":{"line":35,"column":48},"end":{"line":35,"column":62}},"6":{"start":{"line":37,"column":4},"end":{"line":47,"column":10}},"7":{"start":{"line":39,"column":12},"end":{"line":44,"column":13}},"8":{"start":{"line":41,"column":16},"end":{"line":41,"column":41}},"9":{"start":{"line":43,"column":16},"end":{"line":43,"column":63}},"10":{"start":{"line":46,"column":8},"end":{"line":46,"column":15}},"11":{"start":{"line":49,"column":4},"end":{"line":52,"column":27}},"12":{"start":{"line":54,"column":22},"end":{"line":62,"column":5}},"13":{"start":{"line":55,"column":8},"end":{"line":61,"column":9}},"14":{"start":{"line":56,"column":12},"end":{"line":56,"column":36}},"15":{"start":{"line":58,"column":12},"end":{"line":58,"column":37}},"16":{"start":{"line":60,"column":12},"end":{"line":60,"column":37}},"17":{"start":{"line":68,"column":4},"end":{"line":88,"column":5}}},"fnMap":{"0":{"name":"(anonymous_0)","decl":{"start":{"line":27,"column":47},"end":{"line":27,"column":48}},"loc":{"start":{"line":27,"column":58},"end":{"line":89,"column":1}},"line":27},"1":{"name":"(anonymous_1)","decl":{"start":{"line":37,"column":14},"end":{"line":37,"column":15}},"loc":{"start":{"line":37,"column":20},"end":{"line":47,"column":5}},"line":37},"2":{"name":"fetch","decl":{"start":{"line":38,"column":23},"end":{"line":38,"column":28}},"loc":{"start":{"line":38,"column":31},"end":{"line":45,"column":9}},"line":38},"3":{"name":"(anonymous_3)","decl":{"start":{"line":49,"column":14},"end":{"line":49,"column":15}},"loc":{"start":{"line":49,"column":20},"end":{"line":52,"column":5}},"line":49},"4":{"name":"(anonymous_4)","decl":{"start":{"line":54,"column":22},"end":{"line":54,"column":23}},"loc":{"start":{"line":54,"column":34},"end":{"line":62,"column":5}},"line":54}},"branchMap":{"0":{"loc":{"start":{"line":75,"column":13},"end":{"line":85,"column":13}},"type":"cond-expr","locations":[{"start":{"line":76,"column":16},"end":{"line":76,"column":84}},{"start":{"line":78,"column":16},"end":{"line":84,"column":21}}],"line":75}},"s":{"0":1,"1":0,"2":0,"3":0,"4":0,"5":0,"6":0,"7":0,"8":0,"9":0,"10":0,"11":0,"12":0,"13":0,"14":0,"15":0,"16":0,"17":0},"f":{"0":0,"1":0,"2":0,"3":0,"4":0},"b":{"0":[0,0]},"_coverageSchema":"1a1c01bbd47fc00a2c39e90264f33305004495a9","hash":"b876125ed448854ada4a4301db7ad003518f5ffd"}
,"/Users/Mac/Desktop/weelo_app/src/presentation/screens/Detail/styles.ts": {"path":"/Users/Mac/Desktop/weelo_app/src/presentation/screens/Detail/styles.ts","statementMap":{"0":{"start":{"line":10,"column":2},"end":{"line":15,"column":4}}},"fnMap":{"0":{"name":"(anonymous_0)","decl":{"start":{"line":9,"column":15},"end":{"line":9,"column":16}},"loc":{"start":{"line":9,"column":40},"end":{"line":16,"column":1}},"line":9}},"branchMap":{},"s":{"0":0},"f":{"0":0},"b":{},"_coverageSchema":"1a1c01bbd47fc00a2c39e90264f33305004495a9","hash":"883cc37cb2ab65ba4bab1d01672065903f93b6a6"}
,"/Users/Mac/Desktop/weelo_app/src/presentation/screens/Home/Home.tsx": {"path":"/Users/Mac/Desktop/weelo_app/src/presentation/screens/Home/Home.tsx","statementMap":{"0":{"start":{"line":25,"column":43},"end":{"line":70,"column":1}},"1":{"start":{"line":26,"column":28},"end":{"line":26,"column":44}},"2":{"start":{"line":27,"column":19},"end":{"line":27,"column":41}},"3":{"start":{"line":29,"column":21},"end":{"line":29,"column":34}},"4":{"start":{"line":33,"column":48},"end":{"line":33,"column":63}},"5":{"start":{"line":35,"column":4},"end":{"line":38,"column":32}},"6":{"start":{"line":40,"column":22},"end":{"line":48,"column":5}},"7":{"start":{"line":41,"column":8},"end":{"line":47,"column":9}},"8":{"start":{"line":42,"column":12},"end":{"line":42,"column":36}},"9":{"start":{"line":44,"column":12},"end":{"line":44,"column":37}},"10":{"start":{"line":46,"column":12},"end":{"line":46,"column":37}},"11":{"start":{"line":55,"column":4},"end":{"line":69,"column":5}}},"fnMap":{"0":{"name":"(anonymous_0)","decl":{"start":{"line":25,"column":43},"end":{"line":25,"column":44}},"loc":{"start":{"line":25,"column":54},"end":{"line":70,"column":1}},"line":25},"1":{"name":"(anonymous_1)","decl":{"start":{"line":35,"column":14},"end":{"line":35,"column":15}},"loc":{"start":{"line":35,"column":20},"end":{"line":38,"column":5}},"line":35},"2":{"name":"(anonymous_2)","decl":{"start":{"line":40,"column":22},"end":{"line":40,"column":23}},"loc":{"start":{"line":40,"column":34},"end":{"line":48,"column":5}},"line":40}},"branchMap":{"0":{"loc":{"start":{"line":63,"column":13},"end":{"line":67,"column":13}},"type":"cond-expr","locations":[{"start":{"line":64,"column":16},"end":{"line":64,"column":84}},{"start":{"line":66,"column":16},"end":{"line":66,"column":60}}],"line":63}},"s":{"0":1,"1":0,"2":0,"3":0,"4":0,"5":0,"6":0,"7":0,"8":0,"9":0,"10":0,"11":0},"f":{"0":0,"1":0,"2":0},"b":{"0":[0,0]},"_coverageSchema":"1a1c01bbd47fc00a2c39e90264f33305004495a9","hash":"4b9d947f341e1add026253bfd3f4c200295cf27c"}
,"/Users/Mac/Desktop/weelo_app/src/presentation/screens/Home/styles.ts": {"path":"/Users/Mac/Desktop/weelo_app/src/presentation/screens/Home/styles.ts","statementMap":{"0":{"start":{"line":10,"column":2},"end":{"line":15,"column":4}}},"fnMap":{"0":{"name":"(anonymous_0)","decl":{"start":{"line":9,"column":15},"end":{"line":9,"column":16}},"loc":{"start":{"line":9,"column":40},"end":{"line":16,"column":1}},"line":9}},"branchMap":{},"s":{"0":0},"f":{"0":0},"b":{},"_coverageSchema":"1a1c01bbd47fc00a2c39e90264f33305004495a9","hash":"026a37e4bda12eb4de87f7eb43332f71cec28fa7"}
}
