TN:
SF:src/data/controllers/coins.controller.ts
FN:17,(anonymous_0)
FNF:1
FNH:0
FNDA:0,(anonymous_0)
DA:11,2
DA:13,2
DA:18,0
DA:19,0
DA:21,0
DA:22,0
LF:6
LH:2
BRF:0
BRH:0
end_of_record
TN:
SF:src/data/hooks/useConfigTheme.ts
FN:29,(anonymous_0)
FN:60,(anonymous_1)
FN:72,(anonymous_2)
FNF:3
FNH:0
FNDA:0,(anonymous_0)
FNDA:0,(anonymous_1)
FNDA:0,(anonymous_2)
DA:30,0
DA:32,0
DA:34,0
DA:60,0
DA:61,0
DA:62,0
DA:66,0
DA:72,0
DA:74,0
LF:9
LH:0
BRDA:61,0,0,0
BRDA:61,0,1,0
BRF:2
BRH:0
end_of_record
TN:
SF:src/data/redux/coinsSlice.ts
FN:10,(anonymous_0)
FN:10,(anonymous_1)
FN:26,(anonymous_2)
FNF:3
FNH:0
FNDA:0,(anonymous_0)
FNDA:0,(anonymous_1)
FNDA:0,(anonymous_2)
DA:9,2
DA:10,2
DA:11,0
DA:12,0
DA:13,0
DA:15,0
DA:16,0
DA:20,2
DA:27,0
DA:32,2
LF:10
LH:4
BRF:0
BRH:0
end_of_record
TN:
SF:src/data/redux/index.ts
FNF:0
FNH:0
LF:0
LH:0
BRF:0
BRH:0
end_of_record
TN:
SF:src/data/repositories/coins.cache.repo.ts
FN:14,(anonymous_0)
FNF:1
FNH:0
FNDA:0,(anonymous_0)
DA:15,0
LF:1
LH:0
BRF:0
BRH:0
end_of_record
TN:
SF:src/domain/usecases/coins.service.ts
FN:10,(anonymous_0)
FN:12,(anonymous_1)
FNF:2
FNH:1
FNDA:2,(anonymous_0)
FNDA:0,(anonymous_1)
DA:13,0
DA:14,0
DA:16,0
DA:17,0
LF:4
LH:0
BRF:0
BRH:0
end_of_record
TN:
SF:src/presentation/components/Header/Header.tsx
FN:20,(anonymous_0)
FNF:1
FNH:0
FNDA:0,(anonymous_0)
DA:20,1
DA:21,0
DA:22,0
DA:24,0
LF:4
LH:1
BRF:0
BRH:0
end_of_record
TN:
SF:src/presentation/components/Header/styles.ts
FN:10,(anonymous_0)
FNF:1
FNH:0
FNDA:0,(anonymous_0)
DA:11,0
LF:1
LH:0
BRF:0
BRH:0
end_of_record
TN:
SF:src/presentation/components/HeaderBack/HeaderBack.tsx
FN:20,(anonymous_0)
FNF:1
FNH:0
FNDA:0,(anonymous_0)
DA:20,1
DA:21,0
DA:22,0
DA:24,0
LF:4
LH:1
BRF:0
BRH:0
end_of_record
TN:
SF:src/presentation/components/HeaderBack/styles.ts
FN:10,(anonymous_0)
FNF:1
FNH:0
FNDA:0,(anonymous_0)
DA:11,0
LF:1
LH:0
BRF:0
BRH:0
end_of_record
TN:
SF:src/presentation/navigation/InjectHOC.tsx
FN:8,InjectHOC
FN:9,(anonymous_1)
FNF:2
FNH:1
FNDA:2,InjectHOC
FNDA:0,(anonymous_1)
DA:9,2
DA:10,0
DA:12,2
LF:3
LH:2
BRF:0
BRH:0
end_of_record
TN:
SF:src/presentation/screens/Detail/Detail.tsx
FN:27,(anonymous_0)
FN:37,(anonymous_1)
FN:38,fetch
FN:49,(anonymous_3)
FN:54,(anonymous_4)
FNF:5
FNH:0
FNDA:0,(anonymous_0)
FNDA:0,(anonymous_1)
FNDA:0,fetch
FNDA:0,(anonymous_3)
FNDA:0,(anonymous_4)
DA:27,1
DA:28,0
DA:29,0
DA:31,0
DA:34,0
DA:35,0
DA:37,0
DA:39,0
DA:41,0
DA:43,0
DA:46,0
DA:49,0
DA:54,0
DA:55,0
DA:56,0
DA:58,0
DA:60,0
DA:68,0
LF:18
LH:1
BRDA:75,0,0,0
BRDA:75,0,1,0
BRF:2
BRH:0
end_of_record
TN:
SF:src/presentation/screens/Detail/styles.ts
FN:9,(anonymous_0)
FNF:1
FNH:0
FNDA:0,(anonymous_0)
DA:10,0
LF:1
LH:0
BRF:0
BRH:0
end_of_record
TN:
SF:src/presentation/screens/Home/Home.tsx
FN:25,(anonymous_0)
FN:35,(anonymous_1)
FN:40,(anonymous_2)
FNF:3
FNH:0
FNDA:0,(anonymous_0)
FNDA:0,(anonymous_1)
FNDA:0,(anonymous_2)
DA:25,1
DA:26,0
DA:27,0
DA:29,0
DA:33,0
DA:35,0
DA:40,0
DA:41,0
DA:42,0
DA:44,0
DA:46,0
DA:55,0
LF:12
LH:1
BRDA:63,0,0,0
BRDA:63,0,1,0
BRF:2
BRH:0
end_of_record
TN:
SF:src/presentation/screens/Home/styles.ts
FN:9,(anonymous_0)
FNF:1
FNH:0
FNDA:0,(anonymous_0)
DA:10,0
LF:1
LH:0
BRF:0
BRH:0
end_of_record
